Added Component: Designator=CN4(CONN-SMD_PH2.0-4PWB)
Add component. Clean all parameters for all variants
Added Component: Designator=CN5(CONN-SMD_PH2.0-4PWB)
Add component. Clean all parameters for all variants
Added Component: Designator=U6(SOIC-8_L5.3-W5.3-P1.27-LS8.0-BL)
Add component. Clean all parameters for all variants
Added Pin To Net: NetName=GND Pin=CN3-1
Added Pin To Net: NetName=GND Pin=CN4-5
Added Pin To Net: NetName=GND Pin=CN4-6
Added Pin To Net: NetName=GPIO8 Pin=CN5-3
Added Pin To Net: NetName=GND Pin=CN5-5
Added Pin To Net: NetName=GND Pin=CN5-6
Added Pin To Net: NetName=GND Pin=U6-4
Added Pin To Net: NetName=VCC_3V3 Pin=U6-8
Added Pin To Net: NetName=GPIO0 Pin=CN4-1
Added Pin To Net: NetName=GPIO0 Pin=U1-5
Added Net: Name=GPIO0
Added Pin To Net: NetName=GPIO1 Pin=CN4-2
Added Pin To Net: NetName=GPIO1 Pin=U1-6
Added Net: Name=GPIO1
Added Pin To Net: NetName=GPIO2 Pin=CN4-3
Added Pin To Net: NetName=GPIO2 Pin=U1-7
Added Net: Name=GPIO2
Added Pin To Net: NetName=GPIO3 Pin=CN4-4
Added Pin To Net: NetName=GPIO3 Pin=U1-8
Added Net: Name=GPIO3
Added Pin To Net: NetName=GPIO6 Pin=CN5-1
Added Pin To Net: NetName=GPIO6 Pin=U1-11
Added Net: Name=GPIO6
Added Pin To Net: NetName=GPIO7 Pin=CN5-2
Added Pin To Net: NetName=GPIO7 Pin=U1-12
Added Net: Name=GPIO7
Added Pin To Net: NetName=GPIO10 Pin=CN5-4
Added Pin To Net: NetName=GPIO10 Pin=U1-14
Added Net: Name=GPIO10
Added Pin To Net: NetName=SPICLK Pin=U1-20
Added Pin To Net: NetName=SPICLK Pin=U6-6
Added Net: Name=SPICLK
Added Pin To Net: NetName=SPICS0 Pin=U1-19
Added Pin To Net: NetName=SPICS0 Pin=U6-1
Added Net: Name=SPICS0
Added Pin To Net: NetName=SPID Pin=U1-22
Added Pin To Net: NetName=SPID Pin=U6-5
Added Net: Name=SPID
Added Pin To Net: NetName=SPIHD Pin=U1-17
Added Pin To Net: NetName=SPIHD Pin=U6-7
Added Net: Name=SPIHD
Added Pin To Net: NetName=SPIQ Pin=U1-21
Added Pin To Net: NetName=SPIQ Pin=U6-2
Added Net: Name=SPIQ
Added Pin To Net: NetName=SPIWP Pin=U1-18
Added Pin To Net: NetName=SPIWP Pin=U6-3
Added Net: Name=SPIWP
Added Member To Class: ClassName=main Member=Component CN4 PH2.0-4PWBŒ‘ Ω
Added Member To Class: ClassName=main Member=Component CN5 PH2.0-4PWBŒ‘ Ω
Added Member To Class: ClassName=main Member=Component U6 W25Q32JVSSIQ
Added Room: Name=main
