Added Component: Designator=C1(R0603)
Add component. Clean all parameters for all variants
Add component (AddParameter): Name = "LatestRevisionDate"; Value = "17-Jul-2002"; VariantName = "[No Variations]"
Add component (AddParameter): Name = "LatestRevisionNote"; Value = "Re-released for DXP Platform."; VariantName = "[No Variations]"
Add component (AddParameter): Name = "PackageDescription"; Value = "Radial Cap, Thru-Hole; 2 Leads; 0.3 in Pin Spacing"; VariantName = "[No Variations]"
Add component (AddParameter): Name = "PackageReference"; Value = "RAD-0.3"; VariantName = "[No Variations]"
Add component (AddParameter): Name = "Published"; Value = "8-Jun-2000"; VariantName = "[No Variations]"
Add component (AddParameter): Name = "Publisher"; Value = "Altium Limited"; VariantName = "[No Variations]"
Add component (AddParameter): Name = "Value"; Value = "10uF"; VariantName = "[No Variations]"
Added Component: Designator=C2(R0603)
Add component. Clean all parameters for all variants
Add component (AddParameter): Name = "LatestRevisionDate"; Value = "17-Jul-2002"; VariantName = "[No Variations]"
Add component (AddParameter): Name = "LatestRevisionNote"; Value = "Re-released for DXP Platform."; VariantName = "[No Variations]"
Add component (AddParameter): Name = "PackageDescription"; Value = "Radial Cap, Thru-Hole; 2 Leads; 0.3 in Pin Spacing"; VariantName = "[No Variations]"
Add component (AddParameter): Name = "PackageReference"; Value = "RAD-0.3"; VariantName = "[No Variations]"
Add component (AddParameter): Name = "Published"; Value = "8-Jun-2000"; VariantName = "[No Variations]"
Add component (AddParameter): Name = "Publisher"; Value = "Altium Limited"; VariantName = "[No Variations]"
Add component (AddParameter): Name = "Value"; Value = "0.1uF"; VariantName = "[No Variations]"
Added Component: Designator=C3(R0603)
Add component. Clean all parameters for all variants
Add component (AddParameter): Name = "LatestRevisionDate"; Value = "17-Jul-2002"; VariantName = "[No Variations]"
Add component (AddParameter): Name = "LatestRevisionNote"; Value = "Re-released for DXP Platform."; VariantName = "[No Variations]"
Add component (AddParameter): Name = "PackageDescription"; Value = "Radial Cap, Thru-Hole; 2 Leads; 0.3 in Pin Spacing"; VariantName = "[No Variations]"
Add component (AddParameter): Name = "PackageReference"; Value = "RAD-0.3"; VariantName = "[No Variations]"
Add component (AddParameter): Name = "Published"; Value = "8-Jun-2000"; VariantName = "[No Variations]"
Add component (AddParameter): Name = "Publisher"; Value = "Altium Limited"; VariantName = "[No Variations]"
Add component (AddParameter): Name = "Value"; Value = "0.1uF"; VariantName = "[No Variations]"
Added Component: Designator=C4(R0603)
Add component. Clean all parameters for all variants
Add component (AddParameter): Name = "LatestRevisionDate"; Value = "17-Jul-2002"; VariantName = "[No Variations]"
Add component (AddParameter): Name = "LatestRevisionNote"; Value = "Re-released for DXP Platform."; VariantName = "[No Variations]"
Add component (AddParameter): Name = "PackageDescription"; Value = "Radial Cap, Thru-Hole; 2 Leads; 0.3 in Pin Spacing"; VariantName = "[No Variations]"
Add component (AddParameter): Name = "PackageReference"; Value = "RAD-0.3"; VariantName = "[No Variations]"
Add component (AddParameter): Name = "Published"; Value = "8-Jun-2000"; VariantName = "[No Variations]"
Add component (AddParameter): Name = "Publisher"; Value = "Altium Limited"; VariantName = "[No Variations]"
Add component (AddParameter): Name = "Value"; Value = "10uF"; VariantName = "[No Variations]"
Added Component: Designator=C5(R0603)
Add component. Clean all parameters for all variants
Add component (AddParameter): Name = "LatestRevisionDate"; Value = "17-Jul-2002"; VariantName = "[No Variations]"
Add component (AddParameter): Name = "LatestRevisionNote"; Value = "Re-released for DXP Platform."; VariantName = "[No Variations]"
Add component (AddParameter): Name = "PackageDescription"; Value = "Radial Cap, Thru-Hole; 2 Leads; 0.3 in Pin Spacing"; VariantName = "[No Variations]"
Add component (AddParameter): Name = "PackageReference"; Value = "RAD-0.3"; VariantName = "[No Variations]"
Add component (AddParameter): Name = "Published"; Value = "8-Jun-2000"; VariantName = "[No Variations]"
Add component (AddParameter): Name = "Publisher"; Value = "Altium Limited"; VariantName = "[No Variations]"
Add component (AddParameter): Name = "Value"; Value = "1uF"; VariantName = "[No Variations]"
Added Component: Designator=C6(R0603)
Add component. Clean all parameters for all variants
Add component (AddParameter): Name = "LatestRevisionDate"; Value = "17-Jul-2002"; VariantName = "[No Variations]"
Add component (AddParameter): Name = "LatestRevisionNote"; Value = "Re-released for DXP Platform."; VariantName = "[No Variations]"
Add component (AddParameter): Name = "PackageDescription"; Value = "Radial Cap, Thru-Hole; 2 Leads; 0.3 in Pin Spacing"; VariantName = "[No Variations]"
Add component (AddParameter): Name = "PackageReference"; Value = "RAD-0.3"; VariantName = "[No Variations]"
Add component (AddParameter): Name = "Published"; Value = "8-Jun-2000"; VariantName = "[No Variations]"
Add component (AddParameter): Name = "Publisher"; Value = "Altium Limited"; VariantName = "[No Variations]"
Add component (AddParameter): Name = "Value"; Value = "0.1uF"; VariantName = "[No Variations]"
Added Component: Designator=C7(R0603)
Add component. Clean all parameters for all variants
Add component (AddParameter): Name = "LatestRevisionDate"; Value = "17-Jul-2002"; VariantName = "[No Variations]"
Add component (AddParameter): Name = "LatestRevisionNote"; Value = "Re-released for DXP Platform."; VariantName = "[No Variations]"
Add component (AddParameter): Name = "PackageDescription"; Value = "Radial Cap, Thru-Hole; 2 Leads; 0.3 in Pin Spacing"; VariantName = "[No Variations]"
Add component (AddParameter): Name = "PackageReference"; Value = "RAD-0.3"; VariantName = "[No Variations]"
Add component (AddParameter): Name = "Published"; Value = "8-Jun-2000"; VariantName = "[No Variations]"
Add component (AddParameter): Name = "Publisher"; Value = "Altium Limited"; VariantName = "[No Variations]"
Add component (AddParameter): Name = "Value"; Value = "0.1uF"; VariantName = "[No Variations]"
Added Component: Designator=C8(R0603)
Add component. Clean all parameters for all variants
Add component (AddParameter): Name = "LatestRevisionDate"; Value = "17-Jul-2002"; VariantName = "[No Variations]"
Add component (AddParameter): Name = "LatestRevisionNote"; Value = "Re-released for DXP Platform."; VariantName = "[No Variations]"
Add component (AddParameter): Name = "PackageDescription"; Value = "Radial Cap, Thru-Hole; 2 Leads; 0.3 in Pin Spacing"; VariantName = "[No Variations]"
Add component (AddParameter): Name = "PackageReference"; Value = "RAD-0.3"; VariantName = "[No Variations]"
Add component (AddParameter): Name = "Published"; Value = "8-Jun-2000"; VariantName = "[No Variations]"
Add component (AddParameter): Name = "Publisher"; Value = "Altium Limited"; VariantName = "[No Variations]"
Add component (AddParameter): Name = "Value"; Value = "0.1uF"; VariantName = "[No Variations]"
Added Component: Designator=C9(R0603)
Add component. Clean all parameters for all variants
Add component (AddParameter): Name = "LatestRevisionDate"; Value = "17-Jul-2002"; VariantName = "[No Variations]"
Add component (AddParameter): Name = "LatestRevisionNote"; Value = "Re-released for DXP Platform."; VariantName = "[No Variations]"
Add component (AddParameter): Name = "PackageDescription"; Value = "Radial Cap, Thru-Hole; 2 Leads; 0.3 in Pin Spacing"; VariantName = "[No Variations]"
Add component (AddParameter): Name = "PackageReference"; Value = "RAD-0.3"; VariantName = "[No Variations]"
Add component (AddParameter): Name = "Published"; Value = "8-Jun-2000"; VariantName = "[No Variations]"
Add component (AddParameter): Name = "Publisher"; Value = "Altium Limited"; VariantName = "[No Variations]"
Add component (AddParameter): Name = "Value"; Value = "10uF"; VariantName = "[No Variations]"
Added Component: Designator=CN1(CONN-SMD_PH2.0-1X2PW)
Add component. Clean all parameters for all variants
Added Component: Designator=CN2(CONN-SMD_PH2.0-1X2PW)
Add component. Clean all parameters for all variants
Added Component: Designator=CN3(CONN-SMD_PH2.0-4PWB)
Add component. Clean all parameters for all variants
Added Component: Designator=D1(R0603)
Add component. Clean all parameters for all variants
Add component (AddParameter): Name = "DatasheetVersion"; Value = "16-Apr-2002"; VariantName = "[No Variations]"
Add component (AddParameter): Name = "LatestRevisionDate"; Value = "17-Dec-2003"; VariantName = "[No Variations]"
Add component (AddParameter): Name = "LatestRevisionNote"; Value = "PCB Footprint replaced."; VariantName = "[No Variations]"
Add component (AddParameter): Name = "PackageDescription"; Value = "SM LED; 2 C-Bend Leads; Body 3.5 x 2.8 x 1.9 mm, inc leads (LxWxH typ)"; VariantName = "[No Variations]"
Add component (AddParameter): Name = "PackageReference"; Value = "3.5X2.8X1.9"; VariantName = "[No Variations]"
Add component (AddParameter): Name = "PackageVersion"; Value = "16-Apr-2002"; VariantName = "[No Variations]"
Add component (AddParameter): Name = "Published"; Value = "8-Jun-2000"; VariantName = "[No Variations]"
Add component (AddParameter): Name = "Publisher"; Value = "Altium Limited"; VariantName = "[No Variations]"
Added Component: Designator=P1(HDR1X5)
Add component. Clean all parameters for all variants
Add component (AddParameter): Name = "LatestRevisionDate"; Value = "17-Jul-2002"; VariantName = "[No Variations]"
Add component (AddParameter): Name = "LatestRevisionNote"; Value = "Re-released for DXP Platform."; VariantName = "[No Variations]"
Add component (AddParameter): Name = "Publisher"; Value = "Altium Limited"; VariantName = "[No Variations]"
Added Component: Designator=R1(R0603)
Add component. Clean all parameters for all variants
Add component (AddParameter): Name = "Value"; Value = "22R"; VariantName = "[No Variations]"
Added Component: Designator=R2(R0603)
Add component. Clean all parameters for all variants
Add component (AddParameter): Name = "Value"; Value = "22R"; VariantName = "[No Variations]"
Added Component: Designator=R3(R0603)
Add component. Clean all parameters for all variants
Add component (AddParameter): Name = "Value"; Value = "22R"; VariantName = "[No Variations]"
Added Component: Designator=R4(R0603)
Add component. Clean all parameters for all variants
Add component (AddParameter): Name = "Value"; Value = "22R"; VariantName = "[No Variations]"
Added Component: Designator=R5(R0603)
Add component. Clean all parameters for all variants
Add component (AddParameter): Name = "Value"; Value = "22R"; VariantName = "[No Variations]"
Added Component: Designator=R6(R0603)
Add component. Clean all parameters for all variants
Add component (AddParameter): Name = "Value"; Value = "22R"; VariantName = "[No Variations]"
Added Component: Designator=R7(R0603)
Add component. Clean all parameters for all variants
Add component (AddParameter): Name = "Value"; Value = "22R"; VariantName = "[No Variations]"
Added Component: Designator=R8(R0603)
Add component. Clean all parameters for all variants
Add component (AddParameter): Name = "LatestRevisionDate"; Value = "17-Jul-2002"; VariantName = "[No Variations]"
Add component (AddParameter): Name = "LatestRevisionNote"; Value = "Re-released for DXP Platform."; VariantName = "[No Variations]"
Add component (AddParameter): Name = "PackageDescription"; Value = "Axial Device, Thru-Hole; 2 Leads; 0.3 in Pin Spacing"; VariantName = "[No Variations]"
Add component (AddParameter): Name = "PackageReference"; Value = "AXIAL-0.3"; VariantName = "[No Variations]"
Add component (AddParameter): Name = "Published"; Value = "8-Jun-2000"; VariantName = "[No Variations]"
Add component (AddParameter): Name = "Publisher"; Value = "Altium Limited"; VariantName = "[No Variations]"
Add component (AddParameter): Name = "Value"; Value = "2K"; VariantName = "[No Variations]"
Added Component: Designator=R9(R0603)
Add component. Clean all parameters for all variants
Add component (AddParameter): Name = "LatestRevisionDate"; Value = "17-Jul-2002"; VariantName = "[No Variations]"
Add component (AddParameter): Name = "LatestRevisionNote"; Value = "Re-released for DXP Platform."; VariantName = "[No Variations]"
Add component (AddParameter): Name = "PackageDescription"; Value = "Axial Device, Thru-Hole; 2 Leads; 0.3 in Pin Spacing"; VariantName = "[No Variations]"
Add component (AddParameter): Name = "PackageReference"; Value = "AXIAL-0.3"; VariantName = "[No Variations]"
Add component (AddParameter): Name = "Published"; Value = "8-Jun-2000"; VariantName = "[No Variations]"
Add component (AddParameter): Name = "Publisher"; Value = "Altium Limited"; VariantName = "[No Variations]"
Add component (AddParameter): Name = "Value"; Value = "10K"; VariantName = "[No Variations]"
Added Component: Designator=R10(R0603)
Add component. Clean all parameters for all variants
Add component (AddParameter): Name = "LatestRevisionDate"; Value = "17-Jul-2002"; VariantName = "[No Variations]"
Add component (AddParameter): Name = "LatestRevisionNote"; Value = "Re-released for DXP Platform."; VariantName = "[No Variations]"
Add component (AddParameter): Name = "PackageDescription"; Value = "Axial Device, Thru-Hole; 2 Leads; 0.3 in Pin Spacing"; VariantName = "[No Variations]"
Add component (AddParameter): Name = "PackageReference"; Value = "AXIAL-0.3"; VariantName = "[No Variations]"
Add component (AddParameter): Name = "Published"; Value = "8-Jun-2000"; VariantName = "[No Variations]"
Add component (AddParameter): Name = "Publisher"; Value = "Altium Limited"; VariantName = "[No Variations]"
Add component (AddParameter): Name = "Value"; Value = "10K"; VariantName = "[No Variations]"
Added Component: Designator=R11(R0603)
Add component. Clean all parameters for all variants
Add component (AddParameter): Name = "LatestRevisionDate"; Value = "17-Jul-2002"; VariantName = "[No Variations]"
Add component (AddParameter): Name = "LatestRevisionNote"; Value = "Re-released for DXP Platform."; VariantName = "[No Variations]"
Add component (AddParameter): Name = "PackageDescription"; Value = "Axial Device, Thru-Hole; 2 Leads; 0.3 in Pin Spacing"; VariantName = "[No Variations]"
Add component (AddParameter): Name = "PackageReference"; Value = "AXIAL-0.3"; VariantName = "[No Variations]"
Add component (AddParameter): Name = "Published"; Value = "8-Jun-2000"; VariantName = "[No Variations]"
Add component (AddParameter): Name = "Publisher"; Value = "Altium Limited"; VariantName = "[No Variations]"
Add component (AddParameter): Name = "Value"; Value = "4.7K"; VariantName = "[No Variations]"
Added Component: Designator=R12(R0603)
Add component. Clean all parameters for all variants
Add component (AddParameter): Name = "LatestRevisionDate"; Value = "17-Jul-2002"; VariantName = "[No Variations]"
Add component (AddParameter): Name = "LatestRevisionNote"; Value = "Re-released for DXP Platform."; VariantName = "[No Variations]"
Add component (AddParameter): Name = "PackageDescription"; Value = "Axial Device, Thru-Hole; 2 Leads; 0.3 in Pin Spacing"; VariantName = "[No Variations]"
Add component (AddParameter): Name = "PackageReference"; Value = "AXIAL-0.3"; VariantName = "[No Variations]"
Add component (AddParameter): Name = "Published"; Value = "8-Jun-2000"; VariantName = "[No Variations]"
Add component (AddParameter): Name = "Publisher"; Value = "Altium Limited"; VariantName = "[No Variations]"
Add component (AddParameter): Name = "Value"; Value = "4.7K"; VariantName = "[No Variations]"
Added Component: Designator=S1(SW-SMD_L6.1-W3.6-LS7.1)
Add component. Clean all parameters for all variants
Add component (AddParameter): Name = "LatestRevisionDate"; Value = "17-Jul-2002"; VariantName = "[No Variations]"
Add component (AddParameter): Name = "LatestRevisionNote"; Value = "Re-released for DXP Platform."; VariantName = "[No Variations]"
Add component (AddParameter): Name = "PackageDescription"; Value = "Switch; 2 Leads"; VariantName = "[No Variations]"
Add component (AddParameter): Name = "PackageReference"; Value = "SPST-2"; VariantName = "[No Variations]"
Add component (AddParameter): Name = "Published"; Value = "24-Mar-1999"; VariantName = "[No Variations]"
Add component (AddParameter): Name = "Publisher"; Value = "Altium Limited"; VariantName = "[No Variations]"
Added Component: Designator=S2(SW-SMD_L6.1-W3.6-LS7.1)
Add component. Clean all parameters for all variants
Add component (AddParameter): Name = "LatestRevisionDate"; Value = "17-Jul-2002"; VariantName = "[No Variations]"
Add component (AddParameter): Name = "LatestRevisionNote"; Value = "Re-released for DXP Platform."; VariantName = "[No Variations]"
Add component (AddParameter): Name = "PackageDescription"; Value = "Switch; 2 Leads"; VariantName = "[No Variations]"
Add component (AddParameter): Name = "PackageReference"; Value = "SPST-2"; VariantName = "[No Variations]"
Add component (AddParameter): Name = "Published"; Value = "24-Mar-1999"; VariantName = "[No Variations]"
Add component (AddParameter): Name = "Publisher"; Value = "Altium Limited"; VariantName = "[No Variations]"
Added Component: Designator=U1(WIFIM-SMD_ESP32-C3S-2M)
Add component. Clean all parameters for all variants
Added Component: Designator=U2(QFN-28_L5.0-W5.0-P0.50-BL-EP)
Add component. Clean all parameters for all variants
Add component (AddParameter): Name = "MFG #1"; Value = "SILICON LABS"; VariantName = "[No Variations]"
Add component (AddParameter): Name = "PART DESC"; Value = "SINGLE-CHIP USB TO UART BRIDGE, QFN28, RoHS."; VariantName = "[No Variations]"
Add component (AddParameter): Name = "PART NUMBER"; Value = "CP2102"; VariantName = "[No Variations]"
Add component (AddParameter): Name = "RefDes"; Value = "RefDes"; VariantName = "[No Variations]"
Add component (AddParameter): Name = "Type"; Value = "DEV"; VariantName = "[No Variations]"
Add component (AddParameter): Name = "Value"; Value = "Value"; VariantName = "[No Variations]"
Added Component: Designator=U3(SOIC-8_L5.0-W4.0-P1.27-LS6.0-BL)
Add component. Clean all parameters for all variants
Add component (AddParameter): Name = "Category"; Value = "Integrated Circuits (ICs)"; VariantName = "[No Variations]"
Add component (AddParameter): Name = "ComponentLink1Description"; Value = "http://www.ti.com/lit/ds/symlink/sn65hvd230.pdf"; VariantName = "[No Variations]"
Add component (AddParameter): Name = "ComponentLink1URL"; Value = "http://www.ti.com/lit/ds/symlink/sn65hvd230.pdf"; VariantName = "[No Variations]"
Add component (AddParameter): Name = "Data Rate"; Value = "1Mbps"; VariantName = "[No Variations]"
Add component (AddParameter): Name = "Duplex"; Value = "Half"; VariantName = "[No Variations]"
Add component (AddParameter): Name = "Manufacturer"; Value = "Texas Instruments"; VariantName = "[No Variations]"
Add component (AddParameter): Name = "Manufacturer Part Number"; Value = "SN65HVD232DR"; VariantName = "[No Variations]"
Add component (AddParameter): Name = "Mounting Type"; Value = "Surface Mount"; VariantName = "[No Variations]"
Add component (AddParameter): Name = "Number of Drivers/Receivers"; Value = "1/1"; VariantName = "[No Variations]"
Add component (AddParameter): Name = "Operating Temperature"; Value = "-40°„C ~ 85°„C"; VariantName = "[No Variations]"
Add component (AddParameter): Name = "Package / Case"; Value = "8-SOIC (0.154", 3.90mm Width)"; VariantName = "[No Variations]"
Add component (AddParameter): Name = "Packaging"; Value = "Tape & Reel (TR)"; VariantName = "[No Variations]"
Add component (AddParameter): Name = "Part Status"; Value = "Active"; VariantName = "[No Variations]"
Add component (AddParameter): Name = "Pricing 1"; Value = "2500=0.84375 (USD)"; VariantName = "[No Variations]"
Add component (AddParameter): Name = "Pricing 2"; Value = "1=2.05, 10=1.842, 100=1.4809, 500=1.21668, 1000=1.00811 (USD)"; VariantName = "[No Variations]"
Add component (AddParameter): Name = "Protocol"; Value = "CAN"; VariantName = "[No Variations]"
Add component (AddParameter): Name = "RoHS"; Value = "RoHS Compliant"; VariantName = "[No Variations]"
Add component (AddParameter): Name = "Stock"; Value = "5000"; VariantName = "[No Variations]"
Add component (AddParameter): Name = "Supplier 1"; Value = "Digi-Key"; VariantName = "[No Variations]"
Add component (AddParameter): Name = "Supplier 2"; Value = "Digi-Key"; VariantName = "[No Variations]"
Add component (AddParameter): Name = "Supplier Device Package"; Value = "8-SOIC"; VariantName = "[No Variations]"
Add component (AddParameter): Name = "Supplier Part Number 1"; Value = "296-26344-2-ND"; VariantName = "[No Variations]"
Add component (AddParameter): Name = "Supplier Part Number 2"; Value = "296-26344-1-ND"; VariantName = "[No Variations]"
Add component (AddParameter): Name = "Type"; Value = "Transceiver"; VariantName = "[No Variations]"
Add component (AddParameter): Name = "Voltage - Supply"; Value = "3 V ~ 3.6 V"; VariantName = "[No Variations]"
Added Component: Designator=U4(SOT-223-4_L6.5-W3.5-P2.30-LS7.0-BR)
Add component. Clean all parameters for all variants
Added Component: Designator=U5(JY901S-15.24*15.24)
Add component. Clean all parameters for all variants
Added Component: Designator=USBC1(USB-C-SMD_TYPE-C-USB-17)
Add component. Clean all parameters for all variants
Added Component: Designator=VT1(SOT-23-3_L2.9-W1.3-P1.90-LS2.4-BR)
Add component. Clean all parameters for all variants
Added Component: Designator=VT2(SOT-23-3_L2.9-W1.3-P1.90-LS2.4-BR)
Add component. Clean all parameters for all variants
Added Pin To Net: NetName=GND Pin=C1-1
Added Pin To Net: NetName=VBUS Pin=C1-2
Added Pin To Net: NetName=GND Pin=C2-1
Added Pin To Net: NetName=VBUS Pin=C2-2
Added Pin To Net: NetName=GND Pin=C3-1
Added Pin To Net: NetName=VCC_3V3 Pin=C3-2
Added Pin To Net: NetName=GND Pin=C4-1
Added Pin To Net: NetName=VCC_3V3 Pin=C4-2
Added Pin To Net: NetName=GND Pin=C5-1
Added Pin To Net: NetName=EN Pin=C5-2
Added Pin To Net: NetName=GND Pin=C6-1
Added Pin To Net: NetName=GPIO9 Pin=C6-2
Added Pin To Net: NetName=GND Pin=C7-1
Added Pin To Net: NetName=EN Pin=C7-2
Added Pin To Net: NetName=GND Pin=C8-1
Added Pin To Net: NetName=VCC_3V3 Pin=C8-2
Added Pin To Net: NetName=GND Pin=C9-1
Added Pin To Net: NetName=VCC_3V3 Pin=C9-2
Added Pin To Net: NetName=CAN_H Pin=CN1-1
Added Pin To Net: NetName=CAN_L Pin=CN1-2
Added Pin To Net: NetName=GND Pin=CN1-3
Added Pin To Net: NetName=GND Pin=CN1-4
Added Pin To Net: NetName=MPU_TX Pin=CN2-1
Added Pin To Net: NetName=MPU_RX Pin=CN2-2
Added Pin To Net: NetName=GND Pin=CN2-3
Added Pin To Net: NetName=GND Pin=CN2-4
Added Pin To Net: NetName=GPS_TX Pin=CN3-2
Added Pin To Net: NetName=GPS_RX Pin=CN3-3
Added Pin To Net: NetName=GND Pin=CN3-4
Added Pin To Net: NetName=GND Pin=CN3-5
Added Pin To Net: NetName=GND Pin=CN3-6
Added Pin To Net: NetName=NetD1_1 Pin=D1-1
Added Pin To Net: NetName=GND Pin=D1-2
Added Pin To Net: NetName=GPS_RX Pin=P1-2
Added Pin To Net: NetName=GPS_TX Pin=P1-3
Added Pin To Net: NetName=GND Pin=P1-4
Added Pin To Net: NetName=VCC_3V3 Pin=P1-5
Added Pin To Net: NetName=VBUS Pin=R1-1
Added Pin To Net: NetName=NetR1_2 Pin=R1-2
Added Pin To Net: NetName=CP_Tx Pin=R2-1
Added Pin To Net: NetName=NetR2_2 Pin=R2-2
Added Pin To Net: NetName=DTR Pin=R3-1
Added Pin To Net: NetName=NetR3_2 Pin=R3-2
Added Pin To Net: NetName=RTS Pin=R4-1
Added Pin To Net: NetName=NetR4_2 Pin=R4-2
Added Pin To Net: NetName=GND Pin=R5-1
Added Pin To Net: NetName=NetR5_2 Pin=R5-2
Added Pin To Net: NetName=GND Pin=R6-1
Added Pin To Net: NetName=NetR6_2 Pin=R6-2
Added Pin To Net: NetName=CAN_H Pin=R7-1
Added Pin To Net: NetName=CAN_L Pin=R7-2
Added Pin To Net: NetName=NetD1_1 Pin=R8-1
Added Pin To Net: NetName=VCC_3V3 Pin=R8-2
Added Pin To Net: NetName=EN Pin=R9-1
Added Pin To Net: NetName=VCC_3V3 Pin=R9-2
Added Pin To Net: NetName=GPIO8 Pin=R10-1
Added Pin To Net: NetName=VCC_3V3 Pin=R10-2
Added Pin To Net: NetName=MPU_SCL Pin=R11-1
Added Pin To Net: NetName=VCC_3V3 Pin=R11-2
Added Pin To Net: NetName=MPU_SDA Pin=R12-1
Added Pin To Net: NetName=VCC_3V3 Pin=R12-2
Added Pin To Net: NetName=EN Pin=S1-1
Added Pin To Net: NetName=GND Pin=S1-2
Added Pin To Net: NetName=GND Pin=S2-1
Added Pin To Net: NetName=GPIO9 Pin=S2-2
Added Pin To Net: NetName=GND Pin=U1-1
Added Pin To Net: NetName=VCC_3V3 Pin=U1-2
Added Pin To Net: NetName=EN Pin=U1-3
Added Pin To Net: NetName=CAN_Rx Pin=U1-9
Added Pin To Net: NetName=CAN_Tx Pin=U1-10
Added Pin To Net: NetName=GPIO8 Pin=U1-13
Added Pin To Net: NetName=GND Pin=U1-15
Added Pin To Net: NetName=GPIO9 Pin=U1-25
Added Pin To Net: NetName=MPU_SCL Pin=U1-30
Added Pin To Net: NetName=MPU_SDA Pin=U1-31
Added Pin To Net: NetName=CP_Tx Pin=U1-34
Added Pin To Net: NetName=CP_Rx Pin=U1-35
Added Pin To Net: NetName=GND Pin=U1-38
Added Pin To Net: NetName=GND Pin=U2-3
Added Pin To Net: NetName=USB-PWR-DP Pin=U2-4
Added Pin To Net: NetName=USB-PWR-DM Pin=U2-5
Added Pin To Net: NetName=VBUS Pin=U2-7
Added Pin To Net: NetName=VBUS Pin=U2-8
Added Pin To Net: NetName=NetR1_2 Pin=U2-9
Added Pin To Net: NetName=RTS Pin=U2-24
Added Pin To Net: NetName=CP_Rx Pin=U2-25
Added Pin To Net: NetName=NetR2_2 Pin=U2-26
Added Pin To Net: NetName=DTR Pin=U2-28
Added Pin To Net: NetName=GND Pin=U2-29
Added Pin To Net: NetName=CAN_Tx Pin=U3-1
Added Pin To Net: NetName=GND Pin=U3-2
Added Pin To Net: NetName=VCC_3V3 Pin=U3-3
Added Pin To Net: NetName=CAN_Rx Pin=U3-4
Added Pin To Net: NetName=CAN_L Pin=U3-6
Added Pin To Net: NetName=CAN_H Pin=U3-7
Added Pin To Net: NetName=GND Pin=U4-1
Added Pin To Net: NetName=VCC_3V3 Pin=U4-2
Added Pin To Net: NetName=VBUS Pin=U4-3
Added Pin To Net: NetName=VCC_3V3 Pin=U4-4
Added Pin To Net: NetName=VCC_3V3 Pin=U5-2
Added Pin To Net: NetName=MPU_RX Pin=U5-3
Added Pin To Net: NetName=MPU_TX Pin=U5-4
Added Pin To Net: NetName=GND Pin=U5-5
Added Pin To Net: NetName=GPS_TX Pin=U5-6
Added Pin To Net: NetName=VCC_3V3 Pin=U5-8
Added Pin To Net: NetName=MPU_SCL Pin=U5-9
Added Pin To Net: NetName=MPU_SDA Pin=U5-10
Added Pin To Net: NetName=GND Pin=U5-11
Added Pin To Net: NetName=GND Pin=USBC1-0
Added Pin To Net: NetName=GND Pin=USBC1-0
Added Pin To Net: NetName=GND Pin=USBC1-0
Added Pin To Net: NetName=GND Pin=USBC1-0
Added Pin To Net: NetName=GND Pin=USBC1-A1
Added Pin To Net: NetName=VBUS Pin=USBC1-A4
Added Pin To Net: NetName=NetR6_2 Pin=USBC1-A5
Added Pin To Net: NetName=USB-PWR-DP Pin=USBC1-A6
Added Pin To Net: NetName=USB-PWR-DM Pin=USBC1-A7
Added Pin To Net: NetName=VBUS Pin=USBC1-A9
Added Pin To Net: NetName=GND Pin=USBC1-A12
Added Pin To Net: NetName=NetR5_2 Pin=USBC1-B5
Added Pin To Net: NetName=USB-PWR-DP Pin=USBC1-B6
Added Pin To Net: NetName=USB-PWR-DM Pin=USBC1-B7
Added Pin To Net: NetName=NetR3_2 Pin=VT1-1
Added Pin To Net: NetName=RTS Pin=VT1-2
Added Pin To Net: NetName=EN Pin=VT1-3
Added Pin To Net: NetName=NetR4_2 Pin=VT2-1
Added Pin To Net: NetName=DTR Pin=VT2-2
Added Pin To Net: NetName=GPIO9 Pin=VT2-3
Added Member To Class: ClassName=main Member=Component C1 Cap
Added Member To Class: ClassName=main Member=Component C2 Cap
Added Member To Class: ClassName=main Member=Component C3 Cap
Added Member To Class: ClassName=main Member=Component C4 Cap
Added Member To Class: ClassName=main Member=Component C5 Cap
Added Member To Class: ClassName=main Member=Component C6 Cap
Added Member To Class: ClassName=main Member=Component C7 Cap
Added Member To Class: ClassName=main Member=Component C8 Cap
Added Member To Class: ClassName=main Member=Component C9 Cap
Added Member To Class: ClassName=main Member=Component CN1 PH2.0-2P
Added Member To Class: ClassName=main Member=Component CN2 PH2.0-2P
Added Member To Class: ClassName=main Member=Component CN3 PH2.0-4PWBŒ‘ Ω
Added Member To Class: ClassName=main Member=Component D1 LED3
Added Member To Class: ClassName=main Member=Component P1 Header 5
Added Member To Class: ClassName=main Member=Component R1 10K
Added Member To Class: ClassName=main Member=Component R2 200R
Added Member To Class: ClassName=main Member=Component R3 12K
Added Member To Class: ClassName=main Member=Component R4 12K
Added Member To Class: ClassName=main Member=Component R5 5.1K
Added Member To Class: ClassName=main Member=Component R6 5.1K
Added Member To Class: ClassName=main Member=Component R7 120R/NC
Added Member To Class: ClassName=main Member=Component R8 Res1
Added Member To Class: ClassName=main Member=Component R9 Res1
Added Member To Class: ClassName=main Member=Component R10 Res1
Added Member To Class: ClassName=main Member=Component R11 Res1
Added Member To Class: ClassName=main Member=Component R12 Res1
Added Member To Class: ClassName=main Member=Component S1 SW-PB
Added Member To Class: ClassName=main Member=Component S2 SW-PB
Added Member To Class: ClassName=main Member=Component U1 ESP32-C3S-2M
Added Member To Class: ClassName=main Member=Component U2 CP2102
Added Member To Class: ClassName=main Member=Component U3 SN65HVD232D
Added Member To Class: ClassName=main Member=Component U4 AMS1117-3.3V
Added Member To Class: ClassName=main Member=Component U5 JY901S
Added Member To Class: ClassName=main Member=Component USBC1 USB3.1C16PFSMT
Added Member To Class: ClassName=main Member=Component VT1 S8050
Added Member To Class: ClassName=main Member=Component VT2 S8050
Added Room: Name=main
