Change Component Footprint: Designator=P4 Old Footprint=HDR1X2 New Footprint=HDR1X4
Change Component Footprint: Designator=P5 Old Footprint=HDR1X2 New Footprint=HDR1X4
Change Component Comment : Designator=P4 Old Comment=Header 2 New Comment=Header 4
Change Component Comment : Designator=P5 Old Comment=Header 2 New Comment=Header 4
Added Pin To Net: NetName=GND Pin=P1-2
Added Pin To Net: NetName=RXD Pin=P1-4
Added Pin To Net: NetName=5V Pin=P1-5
Added Pin To Net: NetName=5V Pin=P2-5
Added Pin To Net: NetName=GND Pin=P2-6
Added Pin To Net: NetName=D+ Pin=P4-1
Added Pin To Net: NetName=D- Pin=P4-2
Added Pin To Net: NetName=TXD Pin=P4-3
Added Pin To Net: NetName=RXD Pin=P4-4
Added Pin To Net: NetName=5V Pin=USB1-1
Added Pin To Net: NetName=M_SCTR Pin=P1-1
Added Pin To Net: NetName=M_SCTR Pin=P3-1
Added Net: Name=M_SCTR
Added Pin To Net: NetName=QX_D+ Pin=P2-1
Added Pin To Net: NetName=QX_D+ Pin=P5-1
Added Net: Name=QX_D+
Added Pin To Net: NetName=QX_D- Pin=P2-2
Added Pin To Net: NetName=QX_D- Pin=P5-2
Added Net: Name=QX_D-
Added Pin To Net: NetName=QX_RXD Pin=P2-7
Added Pin To Net: NetName=QX_RXD Pin=P5-4
Added Net: Name=QX_RXD
Added Pin To Net: NetName=QX_TXD Pin=P2-8
Added Pin To Net: NetName=QX_TXD Pin=P5-3
Added Net: Name=QX_TXD
Added Room: Name=main
